#
# A fatal error has been detected by the Java Runtime Environment:
#
#  Internal Error (classFileParser.cpp:3494), pid=17092, tid=17232
#  Error: ShouldNotReachHere()
#
# JRE version: 6.0_45-b06
# Java VM: Java HotSpot(TM) Client VM (20.45-b01 mixed mode windows-x86 )
# If you would like to submit a bug report, please visit:
#   http://java.sun.com/webapps/bugreport/crash.jsp
#

---------------  T H R E A D  ---------------

Current thread (0x0032ac00):  JavaThread "Unknown thread" [_thread_in_vm, id=17232, stack(0x001c0000,0x00210000)]

Stack: [0x001c0000,0x00210000],  sp=0x0020f86c,  free space=318k
Native frames: (J=compiled Java code, j=interpreted, Vv=VM code, C=native code)
V  [jvm.dll+0x13490a]
V  [jvm.dll+0x12f3fb]
V  [jvm.dll+0x1676e]
V  [jvm.dll+0x17faf]
V  [jvm.dll+0x27565]
V  [jvm.dll+0x27da6]
V  [jvm.dll+0x28155]
V  [jvm.dll+0x281e9]
V  [jvm.dll+0x282ac]
V  [jvm.dll+0x2832a]
V  [jvm.dll+0x2840d]
V  [jvm.dll+0x286d9]
V  [jvm.dll+0x6cdd3]
V  [jvm.dll+0x6d1ac]
V  [jvm.dll+0xfa79c]
V  [jvm.dll+0x1190eb]
V  [jvm.dll+0x9f4e0]
C  [javaw.exe+0x1657]
C  [javaw.exe+0x1e2c]
C  [javaw.exe+0x8624]
C  [kernel32.dll+0x1338a]  BaseThreadInitThunk+0x12
C  [ntdll.dll+0x3bf32]  RtlInitializeExceptionChain+0x63
C  [ntdll.dll+0x3bf05]  RtlInitializeExceptionChain+0x36


---------------  P R O C E S S  ---------------

Java Threads: ( => current thread )

Other Threads:

=>0x0032ac00 (exited) JavaThread "Unknown thread" [_thread_in_vm, id=17232, stack(0x001c0000,0x00210000)]

VM state:not at safepoint (not fully initialized)

VM Mutex/Monitor currently owned by a thread: None

Dynamic libraries:
0x00400000 - 0x00425000 	D:\Java\jdk1.6.0_45\bin\javaw.exe
0x77910000 - 0x77a90000 	C:\Windows\SysWOW64\ntdll.dll
0x770b0000 - 0x771c0000 	C:\Windows\syswow64\kernel32.dll
0x76200000 - 0x76247000 	C:\Windows\syswow64\KERNELBASE.dll
0x75840000 - 0x758e0000 	C:\Windows\syswow64\ADVAPI32.dll
0x758e0000 - 0x7598c000 	C:\Windows\syswow64\msvcrt.dll
0x75990000 - 0x759a9000 	C:\Windows\SysWOW64\sechost.dll
0x759b0000 - 0x75aa0000 	C:\Windows\syswow64\RPCRT4.dll
0x75300000 - 0x75360000 	C:\Windows\syswow64\SspiCli.dll
0x752f0000 - 0x752fc000 	C:\Windows\syswow64\CRYPTBASE.dll
0x771c0000 - 0x772c0000 	C:\Windows\syswow64\USER32.dll
0x76250000 - 0x762e0000 	C:\Windows\syswow64\GDI32.dll
0x760c0000 - 0x760ca000 	C:\Windows\syswow64\LPK.dll
0x75640000 - 0x756dd000 	C:\Windows\syswow64\USP10.dll
0x760f0000 - 0x76150000 	C:\Windows\system32\IMM32.DLL
0x75570000 - 0x7563c000 	C:\Windows\syswow64\MSCTF.dll
0x7c340000 - 0x7c396000 	D:\Java\jdk1.6.0_45\jre\bin\msvcr71.dll
0x6d8e0000 - 0x6db90000 	D:\Java\jdk1.6.0_45\jre\bin\client\jvm.dll
0x729c0000 - 0x729f2000 	C:\Windows\system32\WINMM.dll
0x74410000 - 0x7445c000 	C:\Windows\system32\apphelp.dll
0x6d890000 - 0x6d89c000 	D:\Java\jdk1.6.0_45\jre\bin\verify.dll
0x6d3e0000 - 0x6d3ff000 	D:\Java\jdk1.6.0_45\jre\bin\java.dll
0x6d8d0000 - 0x6d8df000 	D:\Java\jdk1.6.0_45\jre\bin\zip.dll
0x75d20000 - 0x75d25000 	C:\Windows\system32\PSAPI.DLL

VM Arguments:
jvm_args: -Dfile.encoding=UTF-8 -Xbootclasspath:C:\ADT\adt-bundle-windows-x86-20130219\sdk\platforms\android-17\android.jar 
java_command: com.example.util.OAuth4Code
Launcher Type: SUN_STANDARD

Environment Variables:
JAVA_HOME=D:\Java\jdk1.6.0_45
CLASSPATH=.;D:\Java\db-derby-10.11.1.1-bin\lib \derby.jar;D:\Java\db-derby-10.11.1.1-bin\lib\derbyclient.jar;D:\Java\db-derby-10.11.1.1-bin\lib\derbytools.jar;D:\Java\db-derby-10.11.1.1-bin\lib\derbynet.jar;D:\Java\jdk1.6.0_45\lib\tools.jar;D:\Java\jdk1.6.0_45\lib\dt.jar;D:\Java\jre6\lib\ext\QTJava.zip
PATH=D:/Java/jdk1.6.0_45/bin/../jre/bin/client;D:/Java/jdk1.6.0_45/bin/../jre/bin;D:/Java/jdk1.6.0_45/bin/../jre/lib/i386;D:\Java\db-derby-10.11.1.1-bin\bin;C:\Program Files (x86)\SepanderSoft;C:\Python27;C:\Python27\Lib\site-packages\django\bin;C:\Python27\Scripts;C:\Program Files (x86)\Common Files\NetSarang;C:\Program Files (x86)\AMD APP\bin\x86_64;C:\Program Files (x86)\AMD APP\bin\x86;.;D:\Java\jdk1.6.0_45\bin;D:\Java\apache-maven-3.1.0\bin;D:\JDDC\Dev\axis2-1.6.2\bin;C:\Program Files\RA2HP\;C:\Windows\system32;C:\Windows;C:\Windows\System32\Wbem;C:\Windows\System32\WindowsPowerShell\v1.0\;C:\Program Files\ActivIdentity\ActivClient\;C:\Program Files (x86)\ActivIdentity\ActivClient\;D:\Java\apache-ant-1.9.2\bin;D:\Java\instantclient_10_2;D:\Operation\TortoiseSVN\bin;C:\Program Files (x86)\ATI Technologies\ATI.ACE\Core-Static;E:\android-sdk-windows\platform-tools;C:\Program Files\TortoiseGit\bin;D:\Program Files (x86)\Microsoft SQL Server\100\Tools\Binn\;D:\Program Files (x86)\Microsoft SQL Server\100\DTS\Binn\;D:\Program Files (x86)\Microsoft SQL Server\100\Tools\Binn\VSShell\Common7\IDE\;C:\Program Files (x86)\Microsoft Visual Studio 9.0\Common7\IDE\PrivateAssemblies\;C:\Program Files (x86)\QuickTime\QTSystem\;D:\Operation\SSH Secure Shell;C:\ADT\adt-bundle-windows-x86-20130219\eclipse;
USERNAME=xulin
OS=Windows_NT
PROCESSOR_IDENTIFIER=Intel64 Family 6 Model 42 Stepping 7, GenuineIntel



---------------  S Y S T E M  ---------------

OS: Windows 7 , 64 bit Build 7601 Service Pack 1

CPU:total 4 (2 cores per cpu, 2 threads per core) family 6 model 42 stepping 7, cmov, cx8, fxsr, mmx, sse, sse2, sse3, ssse3, sse4.1, sse4.2, popcnt, ht

Memory: 4k page, physical 8337772k(1714668k free), swap 16673688k(4272944k free)

vm_info: Java HotSpot(TM) Client VM (20.45-b01) for windows-x86 JRE (1.6.0_45-b06), built on Mar 26 2013 13:40:03 by "java_re" with MS VC++ 7.1 (VS2003)

time: Sun Oct 05 00:25:59 2014
elapsed time: 0 seconds

